1763713360: mosquitto version 2.0.22 starting
1763713360: Config loaded from /mosquitto/config/mosquitto.conf.
1763713360: Opening ipv4 listen socket on port 1883.
1763713360: Opening ipv6 listen socket on port 1883.
1763713360: mosquitto version 2.0.22 running
1763713658: mosquitto version 2.0.22 terminating
1763713658: Saving in-memory database to /mosquitto/data//mosquitto.db.
1763713659: mosquitto version 2.0.22 starting
1763713659: Config loaded from /mosquitto/config/mosquitto.conf.
1763713659: Opening ipv4 listen socket on port 1883.
1763713659: Opening ipv6 listen socket on port 1883.
1763713659: mosquitto version 2.0.22 running
1763714727: mosquitto version 2.0.22 terminating
1763714727: Saving in-memory database to /mosquitto/data//mosquitto.db.
1763714745: mosquitto version 2.0.22 starting
1763714745: Config loaded from /mosquitto/config/mosquitto.conf.
1763714745: Opening ipv4 listen socket on port 1883.
1763714745: Opening ipv6 listen socket on port 1883.
1763714745: mosquitto version 2.0.22 running
1763714946: mosquitto version 2.0.22 terminating
1763714946: Saving in-memory database to /mosquitto/data//mosquitto.db.
1763714968: mosquitto version 2.0.22 starting
1763714968: Config loaded from /mosquitto/config/mosquitto.conf.
1763714968: Opening ipv4 listen socket on port 1883.
1763714968: Opening ipv6 listen socket on port 1883.
1763714968: mosquitto version 2.0.22 running
1763714999: mosquitto version 2.0.22 terminating
1763714999: Saving in-memory database to /mosquitto/data//mosquitto.db.
1763715002: mosquitto version 2.0.22 starting
1763715002: Config loaded from /mosquitto/config/mosquitto.conf.
1763715002: Opening ipv4 listen socket on port 1883.
1763715002: Opening ipv6 listen socket on port 1883.
1763715002: mosquitto version 2.0.22 running
1763715083: mosquitto version 2.0.22 terminating
1763715083: Saving in-memory database to /mosquitto/data//mosquitto.db.
1763715086: mosquitto version 2.0.22 starting
1763715086: Config loaded from /mosquitto/config/mosquitto.conf.
1763715086: Opening ipv4 listen socket on port 1883.
1763715086: Opening ipv6 listen socket on port 1883.
1763715086: mosquitto version 2.0.22 running
1763716039: mosquitto version 2.0.22 terminating
1763716039: Saving in-memory database to /mosquitto/data//mosquitto.db.
1763716039: mosquitto version 2.0.22 starting
1763716039: Config loaded from /mosquitto/config/mosquitto.conf.
1763716039: Opening ipv4 listen socket on port 1883.
1763716039: Opening ipv6 listen socket on port 1883.
1763716039: mosquitto version 2.0.22 running
1763716117: mosquitto version 2.0.22 terminating
1763716117: Saving in-memory database to /mosquitto/data//mosquitto.db.
1763716931: mosquitto version 2.0.22 starting
1763716931: Config loaded from /mosquitto/config/mosquitto.conf.
1763716931: Opening ipv4 listen socket on port 1883.
1763716931: Opening ipv6 listen socket on port 1883.
1763716931: mosquitto version 2.0.22 running
1763717310: mosquitto version 2.0.22 terminating
1763717310: Saving in-memory database to /mosquitto/data//mosquitto.db.
1763717323: mosquitto version 2.0.22 starting
1763717323: Config loaded from /mosquitto/config/mosquitto.conf.
1763717323: Opening ipv4 listen socket on port 1883.
1763717323: Opening ipv6 listen socket on port 1883.
1763717323: mosquitto version 2.0.22 running
